<?xml version='1.0' encoding='UTF-8'?>
<testsuite hostname="Lothars-MBP.fritz.box" name="de.csmath.gc.EdgeSpec" tests="2" errors="0" failures="0" time="0.306">
                     <properties>
[...]
</properties>
                     <testcase classname="de.csmath.gc.EdgeSpec" name="An UndirectedEdge should sort the connected nodes" time="0.284">
                                                 
                                               </testcase><testcase classname="de.csmath.gc.EdgeSpec" name="Edges should be totally ordered" time="0.022">
                                                 
                                               </testcase>
                     <system-out></system-out>
                     <system-err></system-err>
                   </testsuite>